<?xml version="1.0" encoding="UTF-8" ?>
<testsuite tests="4" failures="0" name="Demo.Test.AppTest" time="4.954" errors="0" skipped="0">
  <properties>
    <property name="java.runtime.name" value="Java(TM) SE Runtime Environment"/>
    <property name="java.vm.version" value="11.0.12+8-LTS-237"/>
    <property name="sun.boot.library.path" value="C:\Program Files\Java\jdk-11.0.12\bin"/>
    <property name="maven.multiModuleProjectDirectory" value="C:\Users\Ajay\eclipse-workspace\Test"/>
    <property name="java.vm.vendor" value="Oracle Corporation"/>
    <property name="java.vendor.url" value="https://openjdk.java.net/"/>
    <property name="guice.disable.misplaced.annotation.check" value="true"/>
    <property name="path.separator" value=";"/>
    <property name="java.vm.name" value="Java HotSpot(TM) 64-Bit Server VM"/>
    <property name="sun.os.patch.level" value=""/>
    <property name="user.script" value=""/>
    <property name="user.country" value="IN"/>
    <property name="sun.java.launcher" value="SUN_STANDARD"/>
    <property name="java.vm.specification.name" value="Java Virtual Machine Specification"/>
    <property name="user.dir" value="C:\Users\Ajay\eclipse-workspace\Test"/>
    <property name="java.vm.compressedOopsMode" value="32-bit"/>
    <property name="java.runtime.version" value="11.0.12+8-LTS-237"/>
    <property name="java.awt.graphicsenv" value="sun.awt.Win32GraphicsEnvironment"/>
    <property name="os.arch" value="amd64"/>
    <property name="java.io.tmpdir" value="C:\Users\Ajay\AppData\Local\Temp\"/>
    <property name="line.separator" value="
"/>
    <property name="java.vm.specification.vendor" value="Oracle Corporation"/>
    <property name="user.variant" value=""/>
    <property name="os.name" value="Windows 10"/>
    <property name="classworlds.conf" value="C:\Program Files\apache-maven-3.8.2\bin\m2.conf"/>
    <property name="sun.jnu.encoding" value="Cp1252"/>
    <property name="java.library.path" value="C:\Program Files\Java\jdk-11.0.12\bin;C:\Windows\Sun\Java\bin;C:\Windows\system32;C:\Windows;C:\Program Files\Common Files\Oracle\Java\javapath;C:\Windows\system32;C:\Windows;C:\Windows\System32\Wbem;C:\Windows\System32\WindowsPowerShell\v1.0\;C:\Windows\System32\OpenSSH\;C:\Program Files\Git\cmd;C:\Program Files\Android\Android Studio\bin;C:\Users\Ajay\AppData\Local\Android\Sdk\platform-tools;C:\Users\Ajay\AppData\Local\Android\Sdk\emulator;C:\Program Files\nodejs;C:\Users\Ajay\AppData\Local\Android\Sdk\tools\bin;C:\Users\Ajay\AppData\Local\Android\Sdk\tools;C:\Program Files\apache-maven-3.8.2\bin;C:\Program Files\nodejs\node_modules\npm\bin;C:\Program Files\Java\jdk-11.0.12\bin;C:\Program Files\MySQL\MySQL Shell 8.0\bin\;C:\Users\Ajay\AppData\Local\Programs\Python\Python39\Scripts\;C:\Users\Ajay\AppData\Local\Programs\Python\Python39\;C:\Users\Ajay\AppData\Local\Microsoft\WindowsApps;C:\Program Files\Java\jdk-16\bin;C:\Users\Ajay\AppData\Roaming\npm;C:\Program Files\Java\jdk-11.0.12;C:\Program Files\MySQL\MySQL Shell 8.0\bin\;C:\Users\Ajay\AppData\Local\Programs\Python\Python39\Scripts\;C:\Users\Ajay\AppData\Local\Programs\Python\Python39\;C:\Users\Ajay\AppData\Local\Microsoft\WindowsApps;C:\Program Files\Java\jdk-16\bin;C:\Users\Ajay\AppData\Roaming\npm;."/>
    <property name="maven.conf" value="C:\Program Files\apache-maven-3.8.2/conf"/>
    <property name="jdk.debug" value="release"/>
    <property name="java.class.version" value="55.0"/>
    <property name="java.specification.name" value="Java Platform API Specification"/>
    <property name="sun.management.compiler" value="HotSpot 64-Bit Tiered Compilers"/>
    <property name="os.version" value="10.0"/>
    <property name="user.home" value="C:\Users\Ajay"/>
    <property name="user.timezone" value="Asia/Calcutta"/>
    <property name="java.awt.printerjob" value="sun.awt.windows.WPrinterJob"/>
    <property name="file.encoding" value="Cp1252"/>
    <property name="java.specification.version" value="11"/>
    <property name="user.name" value="Ajay"/>
    <property name="java.class.path" value="C:\Program Files\apache-maven-3.8.2\boot\plexus-classworlds-2.6.0.jar"/>
    <property name="java.vm.specification.version" value="11"/>
    <property name="sun.arch.data.model" value="64"/>
    <property name="sun.java.command" value="org.codehaus.plexus.classworlds.launcher.Launcher test"/>
    <property name="java.home" value="C:\Program Files\Java\jdk-11.0.12"/>
    <property name="user.language" value="en"/>
    <property name="java.specification.vendor" value="Oracle Corporation"/>
    <property name="awt.toolkit" value="sun.awt.windows.WToolkit"/>
    <property name="java.vm.info" value="mixed mode"/>
    <property name="java.version" value="11.0.12"/>
    <property name="java.vendor" value="Oracle Corporation"/>
    <property name="sun.stderr.encoding" value="cp437"/>
    <property name="maven.home" value="C:\Program Files\apache-maven-3.8.2"/>
    <property name="file.separator" value="\"/>
    <property name="java.version.date" value="2021-07-20"/>
    <property name="java.vendor.url.bug" value="https://bugreport.java.com/bugreport/"/>
    <property name="sun.io.unicode.encoding" value="UnicodeLittle"/>
    <property name="sun.cpu.endian" value="little"/>
    <property name="java.vendor.version" value="18.9"/>
    <property name="sun.stdout.encoding" value="cp437"/>
    <property name="sun.desktop" value="windows"/>
    <property name="sun.cpu.isalist" value="amd64"/>
  </properties>
  <testcase classname="Demo.Test.AppTest" name="Multiplication" time="1.56"/>
  <testcase classname="Demo.Test.AppTest" name="Division" time="0.675"/>
  <testcase classname="Demo.Test.AppTest" name="Addition" time="0.821"/>
  <testcase classname="Demo.Test.AppTest" name="Subtraction" time="1.898"/>
</testsuite>