<?xml version="1.0" encoding="UTF-8"?>
<!-- Generated by org.testng.reporters.JUnitReportReporter -->
<testsuite hostname="DESKTOP-4Q3BKOP" failures="0" tests="4" name="Demo.Test.AppTest" time="4.087" errors="0" timestamp="2021-12-02T01:51:01 IST" skipped="0">
  <testcase classname="Demo.Test.AppTest" name="Multiplication" time="1.597"/>
  <system-out/>
  <testcase classname="Demo.Test.AppTest" name="Division" time="0.461"/>
  <system-out/>
  <testcase classname="Demo.Test.AppTest" name="Addition" time="0.919"/>
  <system-out/>
  <testcase classname="Demo.Test.AppTest" name="Subtraction" time="1.110"/>
  <system-out/>
</testsuite> <!-- Demo.Test.AppTest -->
