<?xml version="1.0" encoding="UTF-8"?>
<!-- Generated by org.testng.reporters.JUnitReportReporter -->
<testsuite hostname="DESKTOP-4Q3BKOP" failures="0" tests="4" name="Demo.Test.AppTest" time="2.451" errors="0" timestamp="2021-12-02T01:00:36 IST" skipped="0">
  <testcase classname="Demo.Test.AppTest" name="Multiplication" time="0.491"/>
  <system-out/>
  <testcase classname="Demo.Test.AppTest" name="Division" time="0.415"/>
  <system-out/>
  <testcase classname="Demo.Test.AppTest" name="Addition" time="0.772"/>
  <system-out/>
  <testcase classname="Demo.Test.AppTest" name="Subtraction" time="0.773"/>
  <system-out/>
</testsuite> <!-- Demo.Test.AppTest -->
